2024-01-23T14:59:01.647Z - [31merror[39m: uncaughtException: Cannot find module '../permissions'
Require stack:
- /Users/ccdev14/Projects/Test/Oauth/src/controllers/AuthController.js
- /Users/ccdev14/Projects/Test/Oauth/src/routes/auth.js
- /Users/ccdev14/Projects/Test/Oauth/src/routes/index.js
- /Users/ccdev14/Projects/Test/Oauth/src/app.js
Error: Cannot find module '../permissions'
Require stack:
- /Users/ccdev14/Projects/Test/Oauth/src/controllers/AuthController.js
- /Users/ccdev14/Projects/Test/Oauth/src/routes/auth.js
- /Users/ccdev14/Projects/Test/Oauth/src/routes/index.js
- /Users/ccdev14/Projects/Test/Oauth/src/app.js
    at Function.Module._resolveFilename (node:internal/modules/cjs/loader:933:15)
    at Function.Module._load (node:internal/modules/cjs/loader:778:27)
    at Module.require (node:internal/modules/cjs/loader:1005:19)
    at require (node:internal/modules/cjs/helpers:102:18)
    at Object.<anonymous> (/Users/ccdev14/Projects/Test/Oauth/src/controllers/AuthController.js:8:21)
    at Module._compile (node:internal/modules/cjs/loader:1105:14)
    at Object.Module._extensions..js (node:internal/modules/cjs/loader:1159:10)
    at Module.load (node:internal/modules/cjs/loader:981:32)
    at Function.Module._load (node:internal/modules/cjs/loader:822:12)
    at Module.require (node:internal/modules/cjs/loader:1005:19)
2024-01-23T14:59:25.379Z - [31merror[39m: uncaughtException: Cannot find module '../permissions'
Require stack:
- /Users/ccdev14/Projects/Test/Oauth/src/controllers/AuthController.js
- /Users/ccdev14/Projects/Test/Oauth/src/routes/auth.js
- /Users/ccdev14/Projects/Test/Oauth/src/routes/index.js
- /Users/ccdev14/Projects/Test/Oauth/src/app.js
Error: Cannot find module '../permissions'
Require stack:
- /Users/ccdev14/Projects/Test/Oauth/src/controllers/AuthController.js
- /Users/ccdev14/Projects/Test/Oauth/src/routes/auth.js
- /Users/ccdev14/Projects/Test/Oauth/src/routes/index.js
- /Users/ccdev14/Projects/Test/Oauth/src/app.js
    at Function.Module._resolveFilename (node:internal/modules/cjs/loader:933:15)
    at Function.Module._load (node:internal/modules/cjs/loader:778:27)
    at Module.require (node:internal/modules/cjs/loader:1005:19)
    at require (node:internal/modules/cjs/helpers:102:18)
    at Object.<anonymous> (/Users/ccdev14/Projects/Test/Oauth/src/controllers/AuthController.js:8:21)
    at Module._compile (node:internal/modules/cjs/loader:1105:14)
    at Object.Module._extensions..js (node:internal/modules/cjs/loader:1159:10)
    at Module.load (node:internal/modules/cjs/loader:981:32)
    at Function.Module._load (node:internal/modules/cjs/loader:822:12)
    at Module.require (node:internal/modules/cjs/loader:1005:19)
